Running tANS testing with activations
Matplotlib created a temporary cache directory at /tmp/matplotlib-pf87b9oa because the default path (/home/l/lungboy/tadam/.config/matplotlib) is not a writable directory; it is highly recommended to set the MPLCONFIGDIR environment variable to a writable directory, in particular to speed up the import of Matplotlib and to better support multiprocessing.
Running model: resnet18
Model has already been processed
Running model: inception_v3
	Importing data
	Compressing Activations 256
Done

scontrol show job 13385774
JobId=13385774 JobName=tANS_act
   UserId=tadam(3110166) GroupId=lungboy(6033254) MCS_label=N/A
   Priority=2235964 Nice=0 Account=def-moshovos QOS=normal
   JobState=COMPLETING Reason=None Dependency=(null)
   Requeue=0 Restarts=0 BatchFlag=1 Reboot=0 ExitCode=0:0
   RunTime=00:00:20 TimeLimit=1-00:00:00 TimeMin=N/A
   SubmitTime=2024-08-08T11:39:20 EligibleTime=2024-08-08T11:39:20
   AccrueTime=2024-08-08T11:39:20
   StartTime=2024-08-08T11:39:22 EndTime=2024-08-08T11:39:42 Deadline=N/A
   SuspendTime=None SecsPreSuspend=0 LastSchedEval=2024-08-08T11:39:22 Scheduler=Main
   Partition=compute AllocNode:Sid=nia-login06:110755
   ReqNodeList=(null) ExcNodeList=(null)
   NodeList=nia1444
   BatchHost=nia1444
   NumNodes=1 NumCPUs=80 NumTasks=40 CPUs/Task=1 ReqB:S:C:T=0:0:*:*
   ReqTRES=cpu=40,mem=175000M,node=1,billing=20
   AllocTRES=cpu=80,mem=175000M,node=1,billing=40
   Socks/Node=* NtasksPerN:B:S:C=40:0:*:* CoreSpec=*
   MinCPUsNode=40 MinMemoryNode=175000M MinTmpDiskNode=0
   Features=[skylake|cascade] DelayBoot=00:00:00
   OverSubscribe=NO Contiguous=0 Licenses=(null) Network=(null)
   Command=/gpfs/fs0/scratch/l/lungboy/tadam/Moshovos/ANS_NeuralComp/jobs/job_act.sh
   WorkDir=/gpfs/fs0/scratch/l/lungboy/tadam/Moshovos/ANS_NeuralComp
   Comment=/opt/slurm/bin/sbatch --export=NONE jobs/job_act.sh 
   StdErr=/home/l/lungboy/tadam/scratch/Moshovos/ANS_NeuralComp/jobs/logs/tANS_act_13385774.out
   StdIn=/dev/null
   StdOut=/home/l/lungboy/tadam/scratch/Moshovos/ANS_NeuralComp/jobs/logs/tANS_act_13385774.out
   Power=
   

sacct -j 13385774
JobID           JobName    Account    Elapsed  MaxVMSize     MaxRSS  SystemCPU    UserCPU ExitCode 
------------ ---------- ---------- ---------- ---------- ---------- ---------- ---------- -------- 
13385774       tANS_act def-mosho+   00:00:20                        00:01.649  00:14.211      0:0 
13385774.ba+      batch def-mosho+   00:00:20    149036K      1592K  00:01.649  00:14.211      0:0 
13385774.ex+     extern def-mosho+   00:00:20                         00:00:00   00:00:00      0:0 
