Running tANS testing with weights
Matplotlib created a temporary cache directory at /tmp/matplotlib-d9ddncew because the default path (/home/l/lungboy/tadam/.config/matplotlib) is not a writable directory; it is highly recommended to set the MPLCONFIGDIR environment variable to a writable directory, in particular to speed up the import of Matplotlib and to better support multiprocessing.
Running model: resnet18
Model has already been processed
Running model: gpt2-xl
	Importing data
	Compressing Weights 256
	Layer 0 has already been processed
Done

scontrol show job 13385773
JobId=13385773 JobName=tANS_weights
   UserId=tadam(3110166) GroupId=lungboy(6033254) MCS_label=N/A
   Priority=2235964 Nice=0 Account=def-moshovos QOS=normal
   JobState=COMPLETING Reason=None Dependency=(null)
   Requeue=0 Restarts=0 BatchFlag=1 Reboot=0 ExitCode=0:0
   RunTime=00:12:46 TimeLimit=1-00:00:00 TimeMin=N/A
   SubmitTime=2024-08-08T11:39:12 EligibleTime=2024-08-08T11:39:12
   AccrueTime=2024-08-08T11:39:12
   StartTime=2024-08-08T11:39:14 EndTime=2024-08-08T11:52:00 Deadline=N/A
   SuspendTime=None SecsPreSuspend=0 LastSchedEval=2024-08-08T11:39:14 Scheduler=Main
   Partition=compute AllocNode:Sid=nia-login06:110755
   ReqNodeList=(null) ExcNodeList=(null)
   NodeList=nia0180
   BatchHost=nia0180
   NumNodes=1 NumCPUs=80 NumTasks=40 CPUs/Task=1 ReqB:S:C:T=0:0:*:*
   ReqTRES=cpu=40,mem=175000M,node=1,billing=20
   AllocTRES=cpu=80,mem=175000M,node=1,billing=40
   Socks/Node=* NtasksPerN:B:S:C=40:0:*:* CoreSpec=*
   MinCPUsNode=40 MinMemoryNode=175000M MinTmpDiskNode=0
   Features=[skylake|cascade] DelayBoot=00:00:00
   OverSubscribe=NO Contiguous=0 Licenses=(null) Network=(null)
   Command=/gpfs/fs0/scratch/l/lungboy/tadam/Moshovos/ANS_NeuralComp/jobs/job_weights.sh
   WorkDir=/gpfs/fs0/scratch/l/lungboy/tadam/Moshovos/ANS_NeuralComp
   Comment=/opt/slurm/bin/sbatch --export=NONE jobs/job_weights.sh 
   StdErr=/home/l/lungboy/tadam/scratch/Moshovos/ANS_NeuralComp/jobs/logs/tANS_weights_13385773.out
   StdIn=/dev/null
   StdOut=/home/l/lungboy/tadam/scratch/Moshovos/ANS_NeuralComp/jobs/logs/tANS_weights_13385773.out
   Power=
   

sacct -j 13385773
JobID           JobName    Account    Elapsed  MaxVMSize     MaxRSS  SystemCPU    UserCPU ExitCode 
------------ ---------- ---------- ---------- ---------- ---------- ---------- ---------- -------- 
13385773     tANS_weig+ def-mosho+   00:12:47                         00:00:00   00:00:00      0:0 
13385773.ba+      batch def-mosho+   00:12:47                         00:00:00   00:00:00      0:0 
13385773.ex+     extern def-mosho+   00:12:47                         00:00:00   00:00:00      0:0 
